<?xml version="1.0" encoding="UTF-8"?>
<testng-results ignored="0" total="3" passed="3" failed="0" skipped="0">
  <reporter-output>
  </reporter-output>
  <suite started-at="2024-11-12T10:51:07 IST" name="Suite" finished-at="2024-11-12T10:51:36 IST" duration-ms="28523">
    <groups>
      <group name="regressiontest">
        <method signature="CreateContactTest.CreateContactWithOrgTest()[pri:0, instance:com.comcast.crm.contactNG.CreateContactTest@7e6f74c]" name="CreateContactWithOrgTest" class="com.comcast.crm.contactNG.CreateContactTest"/>
        <method signature="CreateContactTest.createContactWithSupportingDateTest()[pri:0, instance:com.comcast.crm.contactNG.CreateContactTest@7e6f74c]" name="createContactWithSupportingDateTest" class="com.comcast.crm.contactNG.CreateContactTest"/>
      </group> <!-- regressiontest -->
      <group name="smoketest">
        <method signature="CreateContactTest.Createcontactlastname()[pri:0, instance:com.comcast.crm.contactNG.CreateContactTest@7e6f74c]" name="Createcontactlastname" class="com.comcast.crm.contactNG.CreateContactTest"/>
      </group> <!-- smoketest -->
    </groups>
    <test started-at="2024-11-12T10:51:07 IST" name="Test" finished-at="2024-11-12T10:51:36 IST" duration-ms="28523">
      <class name="com.comcast.crm.contactNG.CreateContactTest">
        <test-method is-config="true" signature="configBS()[pri:0, instance:com.comcast.crm.contactNG.CreateContactTest@7e6f74c]" started-at="2024-11-12T10:51:07 IST" name="configBS" finished-at="2024-11-12T10:51:07 IST" duration-ms="366" status="PASS">
          <reporter-output>
          </reporter-output>
        </test-method> <!-- configBS -->
        <test-method is-config="true" signature="configBC()[pri:0, instance:com.comcast.crm.contactNG.CreateContactTest@7e6f74c]" started-at="2024-11-12T10:51:07 IST" name="configBC" finished-at="2024-11-12T10:51:11 IST" duration-ms="3507" status="PASS">
          <reporter-output>
          </reporter-output>
        </test-method> <!-- configBC -->
        <test-method is-config="true" signature="configBM()[pri:0, instance:com.comcast.crm.contactNG.CreateContactTest@7e6f74c]" started-at="2024-11-12T10:51:11 IST" name="configBM" finished-at="2024-11-12T10:51:13 IST" duration-ms="2612" status="PASS">
          <reporter-output>
          </reporter-output>
        </test-method> <!-- configBM -->
        <test-method signature="CreateContactWithOrgTest()[pri:0, instance:com.comcast.crm.contactNG.CreateContactTest@7e6f74c]" started-at="2024-11-12T10:51:13 IST" name="CreateContactWithOrgTest" finished-at="2024-11-12T10:51:22 IST" duration-ms="8515" status="PASS">
          <reporter-output>
          </reporter-output>
        </test-method> <!-- CreateContactWithOrgTest -->
        <test-method is-config="true" signature="configAM()[pri:0, instance:com.comcast.crm.contactNG.CreateContactTest@7e6f74c]" started-at="2024-11-12T10:51:22 IST" name="configAM" finished-at="2024-11-12T10:51:23 IST" duration-ms="799" status="PASS">
          <reporter-output>
          </reporter-output>
        </test-method> <!-- configAM -->
        <test-method is-config="true" signature="configBM()[pri:0, instance:com.comcast.crm.contactNG.CreateContactTest@7e6f74c]" started-at="2024-11-12T10:51:23 IST" name="configBM" finished-at="2024-11-12T10:51:24 IST" duration-ms="1494" status="PASS">
          <reporter-output>
          </reporter-output>
        </test-method> <!-- configBM -->
        <test-method signature="Createcontactlastname()[pri:0, instance:com.comcast.crm.contactNG.CreateContactTest@7e6f74c]" started-at="2024-11-12T10:51:24 IST" name="Createcontactlastname" finished-at="2024-11-12T10:51:28 IST" duration-ms="3889" status="PASS">
          <reporter-output>
          </reporter-output>
        </test-method> <!-- Createcontactlastname -->
        <test-method is-config="true" signature="configAM()[pri:0, instance:com.comcast.crm.contactNG.CreateContactTest@7e6f74c]" started-at="2024-11-12T10:51:28 IST" name="configAM" finished-at="2024-11-12T10:51:29 IST" duration-ms="855" status="PASS">
          <reporter-output>
          </reporter-output>
        </test-method> <!-- configAM -->
        <test-method is-config="true" signature="configBM()[pri:0, instance:com.comcast.crm.contactNG.CreateContactTest@7e6f74c]" started-at="2024-11-12T10:51:29 IST" name="configBM" finished-at="2024-11-12T10:51:30 IST" duration-ms="1414" status="PASS">
          <reporter-output>
          </reporter-output>
        </test-method> <!-- configBM -->
        <test-method signature="createContactWithSupportingDateTest()[pri:0, instance:com.comcast.crm.contactNG.CreateContactTest@7e6f74c]" started-at="2024-11-12T10:51:30 IST" name="createContactWithSupportingDateTest" finished-at="2024-11-12T10:51:35 IST" duration-ms="4387" status="PASS">
          <reporter-output>
          </reporter-output>
        </test-method> <!-- createContactWithSupportingDateTest -->
        <test-method is-config="true" signature="configAM()[pri:0, instance:com.comcast.crm.contactNG.CreateContactTest@7e6f74c]" started-at="2024-11-12T10:51:35 IST" name="configAM" finished-at="2024-11-12T10:51:35 IST" duration-ms="712" status="PASS">
          <reporter-output>
          </reporter-output>
        </test-method> <!-- configAM -->
        <test-method is-config="true" signature="configAC()[pri:0, instance:com.comcast.crm.contactNG.CreateContactTest@7e6f74c]" started-at="2024-11-12T10:51:35 IST" name="configAC" finished-at="2024-11-12T10:51:36 IST" duration-ms="263" status="PASS">
          <reporter-output>
          </reporter-output>
        </test-method> <!-- configAC -->
        <test-method is-config="true" signature="configAS()[pri:0, instance:com.comcast.crm.contactNG.CreateContactTest@7e6f74c]" started-at="2024-11-12T10:51:36 IST" name="configAS" finished-at="2024-11-12T10:51:36 IST" duration-ms="9" status="PASS">
          <reporter-output>
          </reporter-output>
        </test-method> <!-- configAS -->
      </class> <!-- com.comcast.crm.contactNG.CreateContactTest -->
    </test> <!-- Test -->
  </suite> <!-- Suite -->
</testng-results>
