<?xml version="1.0" encoding="UTF-8"?>
<testng-results ignored="0" total="3" passed="3" failed="0" skipped="0">
  <reporter-output>
  </reporter-output>
  <suite started-at="2024-11-12T11:04:12 IST" name="Default suite" finished-at="2024-11-12T11:04:41 IST" duration-ms="28644">
    <groups>
      <group name="regressiontest">
        <method signature="CreateContactTest.CreateContactWithOrgTest()[pri:0, instance:com.comcast.crm.contactNG.CreateContactTest@7e6f74c]" name="CreateContactWithOrgTest" class="com.comcast.crm.contactNG.CreateContactTest"/>
        <method signature="CreateContactTest.createContactWithSupportingDateTest()[pri:0, instance:com.comcast.crm.contactNG.CreateContactTest@7e6f74c]" name="createContactWithSupportingDateTest" class="com.comcast.crm.contactNG.CreateContactTest"/>
      </group> <!-- regressiontest -->
      <group name="smoketest">
        <method signature="CreateContactTest.Createcontactlastname()[pri:0, instance:com.comcast.crm.contactNG.CreateContactTest@7e6f74c]" name="Createcontactlastname" class="com.comcast.crm.contactNG.CreateContactTest"/>
      </group> <!-- smoketest -->
    </groups>
    <test started-at="2024-11-12T11:04:12 IST" name="Default test" finished-at="2024-11-12T11:04:41 IST" duration-ms="28644">
      <class name="com.comcast.crm.contactNG.CreateContactTest">
        <test-method is-config="true" signature="configBS()[pri:0, instance:com.comcast.crm.contactNG.CreateContactTest@7e6f74c]" started-at="2024-11-12T11:04:12 IST" name="configBS" finished-at="2024-11-12T11:04:12 IST" duration-ms="362" status="PASS">
          <reporter-output>
          </reporter-output>
        </test-method> <!-- configBS -->
        <test-method is-config="true" signature="configBC()[pri:0, instance:com.comcast.crm.contactNG.CreateContactTest@7e6f74c]" started-at="2024-11-12T11:04:12 IST" name="configBC" finished-at="2024-11-12T11:04:15 IST" duration-ms="3244" status="PASS">
          <reporter-output>
          </reporter-output>
        </test-method> <!-- configBC -->
        <test-method is-config="true" signature="configBM()[pri:0, instance:com.comcast.crm.contactNG.CreateContactTest@7e6f74c]" started-at="2024-11-12T11:04:15 IST" name="configBM" finished-at="2024-11-12T11:04:18 IST" duration-ms="2646" status="PASS">
          <reporter-output>
          </reporter-output>
        </test-method> <!-- configBM -->
        <test-method signature="CreateContactWithOrgTest()[pri:0, instance:com.comcast.crm.contactNG.CreateContactTest@7e6f74c]" started-at="2024-11-12T11:04:18 IST" name="CreateContactWithOrgTest" finished-at="2024-11-12T11:04:26 IST" duration-ms="8017" status="PASS">
          <reporter-output>
          </reporter-output>
        </test-method> <!-- CreateContactWithOrgTest -->
        <test-method is-config="true" signature="configAM()[pri:0, instance:com.comcast.crm.contactNG.CreateContactTest@7e6f74c]" started-at="2024-11-12T11:04:26 IST" name="configAM" finished-at="2024-11-12T11:04:27 IST" duration-ms="829" status="PASS">
          <reporter-output>
          </reporter-output>
        </test-method> <!-- configAM -->
        <test-method is-config="true" signature="configBM()[pri:0, instance:com.comcast.crm.contactNG.CreateContactTest@7e6f74c]" started-at="2024-11-12T11:04:27 IST" name="configBM" finished-at="2024-11-12T11:04:28 IST" duration-ms="1667" status="PASS">
          <reporter-output>
          </reporter-output>
        </test-method> <!-- configBM -->
        <test-method signature="Createcontactlastname()[pri:0, instance:com.comcast.crm.contactNG.CreateContactTest@7e6f74c]" started-at="2024-11-12T11:04:28 IST" name="Createcontactlastname" finished-at="2024-11-12T11:04:32 IST" duration-ms="3910" status="PASS">
          <reporter-output>
          </reporter-output>
        </test-method> <!-- Createcontactlastname -->
        <test-method is-config="true" signature="configAM()[pri:0, instance:com.comcast.crm.contactNG.CreateContactTest@7e6f74c]" started-at="2024-11-12T11:04:32 IST" name="configAM" finished-at="2024-11-12T11:04:33 IST" duration-ms="768" status="PASS">
          <reporter-output>
          </reporter-output>
        </test-method> <!-- configAM -->
        <test-method is-config="true" signature="configBM()[pri:0, instance:com.comcast.crm.contactNG.CreateContactTest@7e6f74c]" started-at="2024-11-12T11:04:33 IST" name="configBM" finished-at="2024-11-12T11:04:35 IST" duration-ms="1549" status="PASS">
          <reporter-output>
          </reporter-output>
        </test-method> <!-- configBM -->
        <test-method signature="createContactWithSupportingDateTest()[pri:0, instance:com.comcast.crm.contactNG.CreateContactTest@7e6f74c]" started-at="2024-11-12T11:04:35 IST" name="createContactWithSupportingDateTest" finished-at="2024-11-12T11:04:39 IST" duration-ms="4778" status="PASS">
          <reporter-output>
          </reporter-output>
        </test-method> <!-- createContactWithSupportingDateTest -->
        <test-method is-config="true" signature="configAM()[pri:0, instance:com.comcast.crm.contactNG.CreateContactTest@7e6f74c]" started-at="2024-11-12T11:04:39 IST" name="configAM" finished-at="2024-11-12T11:04:40 IST" duration-ms="852" status="PASS">
          <reporter-output>
          </reporter-output>
        </test-method> <!-- configAM -->
        <test-method is-config="true" signature="configAC()[pri:0, instance:com.comcast.crm.contactNG.CreateContactTest@7e6f74c]" started-at="2024-11-12T11:04:40 IST" name="configAC" finished-at="2024-11-12T11:04:41 IST" duration-ms="308" status="PASS">
          <reporter-output>
          </reporter-output>
        </test-method> <!-- configAC -->
        <test-method is-config="true" signature="configAS()[pri:0, instance:com.comcast.crm.contactNG.CreateContactTest@7e6f74c]" started-at="2024-11-12T11:04:41 IST" name="configAS" finished-at="2024-11-12T11:04:41 IST" duration-ms="9" status="PASS">
          <reporter-output>
          </reporter-output>
        </test-method> <!-- configAS -->
      </class> <!-- com.comcast.crm.contactNG.CreateContactTest -->
    </test> <!-- Default test -->
  </suite> <!-- Default suite -->
</testng-results>
