<?xml version="1.0" encoding="UTF-8"?>
<!-- Generated by org.testng.reporters.JUnitXMLReporter -->
<testsuite ignored="0" hostname="PRASATH" failures="0" tests="3" name="Test" time="28.523" errors="0" timestamp="2024-11-12T10:51:36 IST">
  <testcase classname="com.comcast.crm.contactNG.CreateContactTest" name="CreateContactWithOrgTest" time="8.515"/>
  <testcase classname="com.comcast.crm.contactNG.CreateContactTest" name="Createcontactlastname" time="3.889"/>
  <testcase classname="com.comcast.crm.contactNG.CreateContactTest" name="createContactWithSupportingDateTest" time="4.387"/>
</testsuite> <!-- Test -->
