<?xml version="1.0" encoding="UTF-8"?>
<!-- Generated by org.testng.reporters.JUnitXMLReporter -->
<testsuite ignored="0" hostname="PRASATH" failures="0" tests="3" name="Default test" time="31.893" errors="0" timestamp="2024-11-12T10:41:09 IST">
  <testcase classname="com.comcast.crm.contactNG.CreateContactTest" name="CreateContactWithOrgTest" time="10.382"/>
  <testcase classname="com.comcast.crm.contactNG.CreateContactTest" name="Createcontactlastname" time="4.011"/>
  <testcase classname="com.comcast.crm.contactNG.CreateContactTest" name="createContactWithSupportingDateTest" time="4.65"/>
</testsuite> <!-- Default test -->
