<?xml version="1.0" encoding="UTF-8"?>
<!-- Generated by org.testng.reporters.JUnitXMLReporter -->
<testsuite ignored="0" hostname="PRASATH" failures="0" tests="3" name="Default test" time="28.644" errors="0" timestamp="2024-11-12T11:04:41 IST">
  <testcase classname="com.comcast.crm.contactNG.CreateContactTest" name="CreateContactWithOrgTest" time="8.017"/>
  <testcase classname="com.comcast.crm.contactNG.CreateContactTest" name="Createcontactlastname" time="3.91"/>
  <testcase classname="com.comcast.crm.contactNG.CreateContactTest" name="createContactWithSupportingDateTest" time="4.778"/>
</testsuite> <!-- Default test -->
